<?xml version="1.0" encoding="UTF-8"?>
<!-- Generated by org.testng.reporters.JUnitReportReporter -->
<testsuite skipped="0" hostname="DESKTOP-6QJ44UQ" name="jbkObjTest.OperatorTest" tests="2" failures="0" timestamp="2022-06-17T00:09:10 IST" time="1.181" errors="0">
  <testcase name="veryHeading" time="0.795" classname="jbkObjTest.OperatorTest"/>
  <system-out/>
  <testcase name="testOperator" time="0.386" classname="jbkObjTest.OperatorTest"/>
  <system-out/>
</testsuite> <!-- jbkObjTest.OperatorTest -->
