<?xml version="1.0" encoding="UTF-8"?>
<!-- Generated by org.testng.reporters.JUnitReportReporter -->
<testsuite skipped="0" hostname="DESKTOP-6QJ44UQ" name="jbkObjTest.UsefulLinksTest" tests="2" failures="0" timestamp="2022-06-17T00:39:49 IST" time="1.127" errors="0">
  <testcase name="veryHeading" time="0.734" classname="jbkObjTest.UsefulLinksTest"/>
  <system-out/>
  <testcase name="testUsefulLinks" time="0.393" classname="jbkObjTest.UsefulLinksTest"/>
  <system-out/>
</testsuite> <!-- jbkObjTest.UsefulLinksTest -->
