<?xml version="1.0" encoding="UTF-8"?>
<!-- Generated by org.testng.reporters.JUnitReportReporter -->
<testsuite skipped="0" hostname="DESKTOP-6QJ44UQ" name="jbkObjTest.TestAddUser" tests="1" failures="0" timestamp="2022-06-12T18:42:33 IST" time="0.567" errors="0">
  <testcase name="test02" time="0.567" classname="jbkObjTest.TestAddUser"/>
  <system-out/>
</testsuite> <!-- jbkObjTest.TestAddUser -->
