<?xml version="1.0" encoding="UTF-8"?>
<!-- Generated by org.testng.reporters.JUnitReportReporter -->
<testsuite skipped="0" hostname="DESKTOP-6QJ44UQ" name="jbkObjTest.UserTest" tests="3" failures="0" timestamp="2022-06-16T21:24:24 IST" time="1.561" errors="0">
  <testcase name="test02" time="0.638" classname="jbkObjTest.UserTest"/>
  <system-out/>
  <testcase name="test04" time="0.286" classname="jbkObjTest.UserTest"/>
  <system-out/>
  <testcase name="test03" time="0.637" classname="jbkObjTest.UserTest"/>
  <system-out/>
</testsuite> <!-- jbkObjTest.UserTest -->
