<?xml version="1.0" encoding="UTF-8"?>
<!-- Generated by org.testng.reporters.JUnitReportReporter -->
<testsuite skipped="0" hostname="DESKTOP-6QJ44UQ" name="jbkObjTest.TestPage" tests="3" failures="0" timestamp="2022-06-16T23:39:32 IST" time="3.119" errors="0">
  <testcase name="test02" time="0.710" classname="jbkObjTest.TestPage"/>
  <system-out/>
  <testcase name="test03" time="0.603" classname="jbkObjTest.TestPage"/>
  <system-out/>
  <testcase name="test04" time="1.806" classname="jbkObjTest.TestPage"/>
  <system-out/>
</testsuite> <!-- jbkObjTest.TestPage -->
