<?xml version="1.0" encoding="UTF-8"?>
<!-- Generated by org.testng.reporters.JUnitReportReporter -->
<testsuite skipped="0" hostname="DESKTOP-6QJ44UQ" name="jbkObjTest.TestRegistration" tests="3" failures="0" timestamp="2022-06-12T16:03:21 IST" time="1.465" errors="0">
  <testcase name="test02" time="0.080" classname="jbkObjTest.TestRegistration"/>
  <system-out/>
  <testcase name="test03" time="0.430" classname="jbkObjTest.TestRegistration"/>
  <system-out/>
  <testcase name="test04" time="0.955" classname="jbkObjTest.TestRegistration"/>
  <system-out/>
</testsuite> <!-- jbkObjTest.TestRegistration -->
