<?xml version="1.0" encoding="UTF-8"?>
<!-- Generated by org.testng.reporters.JUnitReportReporter -->
<testsuite skipped="0" hostname="DESKTOP-6QJ44UQ" name="jbkObjTest.DashboardTest" tests="1" failures="0" timestamp="2022-06-12T10:41:13 IST" time="0.377" errors="0">
  <testcase name="test02" time="0.377" classname="jbkObjTest.DashboardTest"/>
  <system-out/>
</testsuite> <!-- jbkObjTest.DashboardTest -->
